<?xml version="1.0" encoding="UTF-8"?>
<!-- Generated by org.testng.reporters.JUnitXMLReporter -->
<testsuite hostname="Kunal-PC" name="Test2" tests="4" failures="0" timestamp="11 Jan 2023 08:49:20 GMT" time="42.837" errors="0">
  <testcase name="addProduct" time="6.72" classname="com.manufacturer.testScript.AddProductUsing_BC"/>
  <testcase name="simple1" time="0.015" classname="com.manufacturer.testScript.AddProductUsing_BC"/>
  <testcase name="simple2" time="0.0" classname="com.manufacturer.testScript.AddProductUsing_BC"/>
  <testcase name="editProduct" time="8.194" classname="com.manufacturer.testScript.EditProductUsing_BC"/>
</testsuite> <!-- Test2 -->
