<?xml version="1.0" encoding="UTF-8"?>
<!-- Generated by org.testng.reporters.JUnitXMLReporter -->
<testsuite hostname="Kunal-PC" name="Test1" tests="4" failures="0" timestamp="11 Jan 2023 08:48:37 GMT" time="28.709" errors="0">
  <testcase name="addProduct" time="10.82" classname="com.manufacturer.testScript.AddProductUsing_BC"/>
  <testcase name="editProduct" time="11.312" classname="com.manufacturer.testScript.EditProductUsing_BC"/>
  <testcase name="simple1" time="0.008" classname="com.manufacturer.testScript.AddProductUsing_BC"/>
  <testcase name="simple2" time="0.006" classname="com.manufacturer.testScript.AddProductUsing_BC"/>
</testsuite> <!-- Test1 -->
