<?xml version="1.0" encoding="UTF-8"?>
<!-- Generated by org.testng.reporters.JUnitXMLReporter -->
<testsuite hostname="Kunal-PC" name="Test" tests="4" failures="1" timestamp="18 Jan 2023 06:32:47 GMT" time="38.342" errors="0">
  <testcase name="editProduct" time="6.355" classname="com.manufacturer.testScript.EditProductUsing_BC">
    <failure type="java.lang.AssertionError" message="null">
      <![CDATA[java.lang.AssertionError: null
	at com.manufacturer.testScript.EditProductUsing_BC.editProduct(EditProductUsing_BC.java:32)
	at java.util.concurrent.FutureTask.run(Unknown Source)
	at java.util.concurrent.ThreadPoolExecutor.runWorker(Unknown Source)
	at java.util.concurrent.ThreadPoolExecutor$Worker.run(Unknown Source)
	at java.lang.Thread.run(Unknown Source)
... Removed 18 stack frames]]>
    </failure>
  </testcase> <!-- editProduct -->
  <testcase name="simple1" time="0.005" classname="com.manufacturer.testScript.EditProductUsing_BC"/>
  <testcase name="addProduct" time="5.815" classname="com.manufacturer.testScript.AddProductUsing_BC"/>
  <testcase name="simple1" time="0.003" classname="com.manufacturer.testScript.AddProductUsing_BC"/>
</testsuite> <!-- Test -->
