<?xml version="1.0" encoding="UTF-8"?>
<testng-results skipped="0" failed="1" total="4" passed="3">
  <reporter-output>
    <line>
      <![CDATA[editProduct-----> TestScript execution started.]]>
    </line>
    <line>
      <![CDATA[--TestScript execution failed--]]>
    </line>
    <line>
      <![CDATA[simple1-----> TestScript execution started.]]>
    </line>
    <line>
      <![CDATA[simple 1]]>
    </line>
    <line>
      <![CDATA[simple1-----> TestScript execution successful]]>
    </line>
    <line>
      <![CDATA[addProduct-----> TestScript execution started.]]>
    </line>
    <line>
      <![CDATA[addProduct-----> TestScript execution successful]]>
    </line>
    <line>
      <![CDATA[simple1-----> TestScript execution started.]]>
    </line>
    <line>
      <![CDATA[simple1-----> TestScript execution successful]]>
    </line>
  </reporter-output>
  <suite name="Suite" duration-ms="38342" started-at="2023-01-18T06:32:08Z" finished-at="2023-01-18T06:32:46Z">
    <groups>
      <group name="regression">
        <method signature="AddProductUsing_BC.simple1()[pri:0, instance:com.manufacturer.testScript.AddProductUsing_BC@4dfa3a9d]" name="simple1" class="com.manufacturer.testScript.AddProductUsing_BC"/>
      </group> <!-- regression -->
      <group name="smoke">
        <method signature="AddProductUsing_BC.addProduct()[pri:0, instance:com.manufacturer.testScript.AddProductUsing_BC@4dfa3a9d]" name="addProduct" class="com.manufacturer.testScript.AddProductUsing_BC"/>
        <method signature="AddProductUsing_BC.simple1()[pri:0, instance:com.manufacturer.testScript.AddProductUsing_BC@4dfa3a9d]" name="simple1" class="com.manufacturer.testScript.AddProductUsing_BC"/>
        <method signature="EditProductUsing_BC.editProduct()[pri:0, instance:com.manufacturer.testScript.EditProductUsing_BC@146ba0ac]" name="editProduct" class="com.manufacturer.testScript.EditProductUsing_BC"/>
        <method signature="EditProductUsing_BC.simple1()[pri:0, instance:com.manufacturer.testScript.EditProductUsing_BC@146ba0ac]" name="simple1" class="com.manufacturer.testScript.EditProductUsing_BC"/>
      </group> <!-- smoke -->
    </groups>
    <test name="Test" duration-ms="38342" started-at="2023-01-18T06:32:08Z" finished-at="2023-01-18T06:32:46Z">
      <class name="com.manufacturer.testScript.AddProductUsing_BC">
        <test-method status="PASS" signature="configBC()[pri:0, instance:com.manufacturer.testScript.AddProductUsing_BC@4dfa3a9d]" name="configBC" is-config="true" duration-ms="3869" started-at="2023-01-18T12:02:28Z" finished-at="2023-01-18T12:02:32Z">
          <reporter-output>
          </reporter-output>
        </test-method> <!-- configBC -->
        <test-method status="PASS" signature="configBM()[pri:0, instance:com.manufacturer.testScript.AddProductUsing_BC@4dfa3a9d]" name="configBM" is-config="true" duration-ms="2815" started-at="2023-01-18T12:02:32Z" finished-at="2023-01-18T12:02:34Z">
          <reporter-output>
          </reporter-output>
        </test-method> <!-- configBM -->
        <test-method status="PASS" signature="addProduct()[pri:0, instance:com.manufacturer.testScript.AddProductUsing_BC@4dfa3a9d]" name="addProduct" duration-ms="5815" started-at="2023-01-18T12:02:34Z" finished-at="2023-01-18T12:02:40Z">
          <reporter-output>
            <line>
              <![CDATA[addProduct-----> TestScript execution successful]]>
            </line>
          </reporter-output>
        </test-method> <!-- addProduct -->
        <test-method status="PASS" signature="configAM()[pri:0, instance:com.manufacturer.testScript.AddProductUsing_BC@4dfa3a9d]" name="configAM" is-config="true" duration-ms="197" started-at="2023-01-18T12:02:40Z" finished-at="2023-01-18T12:02:41Z">
          <reporter-output>
          </reporter-output>
        </test-method> <!-- configAM -->
        <test-method status="PASS" signature="configBM()[pri:0, instance:com.manufacturer.testScript.AddProductUsing_BC@4dfa3a9d]" name="configBM" is-config="true" duration-ms="4460" started-at="2023-01-18T12:02:41Z" finished-at="2023-01-18T12:02:45Z">
          <reporter-output>
          </reporter-output>
        </test-method> <!-- configBM -->
        <test-method status="PASS" signature="simple1()[pri:0, instance:com.manufacturer.testScript.AddProductUsing_BC@4dfa3a9d]" name="simple1" duration-ms="3" started-at="2023-01-18T12:02:45Z" finished-at="2023-01-18T12:02:45Z">
          <reporter-output>
            <line>
              <![CDATA[simple1-----> TestScript execution successful]]>
            </line>
          </reporter-output>
        </test-method> <!-- simple1 -->
        <test-method status="PASS" signature="configAM()[pri:0, instance:com.manufacturer.testScript.AddProductUsing_BC@4dfa3a9d]" name="configAM" is-config="true" duration-ms="125" started-at="2023-01-18T12:02:45Z" finished-at="2023-01-18T12:02:45Z">
          <reporter-output>
          </reporter-output>
        </test-method> <!-- configAM -->
        <test-method status="PASS" signature="configAC()[pri:0, instance:com.manufacturer.testScript.AddProductUsing_BC@4dfa3a9d]" name="configAC" is-config="true" duration-ms="800" started-at="2023-01-18T12:02:45Z" finished-at="2023-01-18T12:02:46Z">
          <reporter-output>
          </reporter-output>
        </test-method> <!-- configAC -->
      </class> <!-- com.manufacturer.testScript.AddProductUsing_BC -->
      <class name="com.manufacturer.testScript.EditProductUsing_BC">
        <test-method status="PASS" signature="configDB()[pri:0, instance:com.manufacturer.testScript.EditProductUsing_BC@146ba0ac]" name="configDB" is-config="true" duration-ms="17" started-at="2023-01-18T12:02:08Z" finished-at="2023-01-18T12:02:08Z">
          <reporter-output>
          </reporter-output>
        </test-method> <!-- configDB -->
        <test-method status="PASS" signature="configBC()[pri:0, instance:com.manufacturer.testScript.EditProductUsing_BC@146ba0ac]" name="configBC" is-config="true" duration-ms="5747" started-at="2023-01-18T12:02:08Z" finished-at="2023-01-18T12:02:14Z">
          <reporter-output>
          </reporter-output>
        </test-method> <!-- configBC -->
        <test-method status="PASS" signature="configBM()[pri:0, instance:com.manufacturer.testScript.EditProductUsing_BC@146ba0ac]" name="configBM" is-config="true" duration-ms="3369" started-at="2023-01-18T12:02:14Z" finished-at="2023-01-18T12:02:17Z">
          <reporter-output>
          </reporter-output>
        </test-method> <!-- configBM -->
        <test-method status="FAIL" signature="editProduct()[pri:0, instance:com.manufacturer.testScript.EditProductUsing_BC@146ba0ac]" name="editProduct" duration-ms="6355" started-at="2023-01-18T12:02:17Z" finished-at="2023-01-18T12:02:24Z">
          <exception class="java.lang.AssertionError">
            <message>
              <![CDATA[null]]>
            </message>
            <full-stacktrace>
              <![CDATA[java.lang.AssertionError: null
	at org.testng.Assert.fail(Assert.java:94)
	at org.testng.Assert.fail(Assert.java:101)
	at com.manufacturer.testScript.EditProductUsing_BC.editProduct(EditProductUsing_BC.java:32)
	at sun.reflect.NativeMethodAccessorImpl.invoke0(Native Method)
	at sun.reflect.NativeMethodAccessorImpl.invoke(Unknown Source)
	at sun.reflect.DelegatingMethodAccessorImpl.invoke(Unknown Source)
	at java.lang.reflect.Method.invoke(Unknown Source)
	at org.testng.internal.MethodInvocationHelper.invokeMethod(MethodInvocationHelper.java:86)
	at org.testng.internal.Invoker.invokeMethod(Invoker.java:646)
	at org.testng.internal.Invoker.invokeTestMethod(Invoker.java:823)
	at org.testng.internal.Invoker.invokeTestMethods(Invoker.java:1131)
	at org.testng.internal.TestMethodWorker.invokeTestMethods(TestMethodWorker.java:129)
	at org.testng.internal.TestMethodWorker.run(TestMethodWorker.java:112)
	at org.testng.TestRunner.privateRun(TestRunner.java:778)
	at org.testng.TestRunner.run(TestRunner.java:632)
	at org.testng.SuiteRunner.runTest(SuiteRunner.java:366)
	at org.testng.SuiteRunner.access$000(SuiteRunner.java:39)
	at org.testng.SuiteRunner$SuiteWorker.run(SuiteRunner.java:400)
	at org.testng.internal.thread.ThreadUtil$2.call(ThreadUtil.java:64)
	at java.util.concurrent.FutureTask.run(Unknown Source)
	at java.util.concurrent.ThreadPoolExecutor.runWorker(Unknown Source)
	at java.util.concurrent.ThreadPoolExecutor$Worker.run(Unknown Source)
	at java.lang.Thread.run(Unknown Source)
]]>
            </full-stacktrace>
          </exception> <!-- java.lang.AssertionError -->
          <reporter-output>
            <line>
              <![CDATA[--TestScript execution failed--]]>
            </line>
          </reporter-output>
        </test-method> <!-- editProduct -->
        <test-method status="PASS" signature="configAM()[pri:0, instance:com.manufacturer.testScript.EditProductUsing_BC@146ba0ac]" name="configAM" is-config="true" duration-ms="223" started-at="2023-01-18T12:02:24Z" finished-at="2023-01-18T12:02:24Z">
          <reporter-output>
          </reporter-output>
        </test-method> <!-- configAM -->
        <test-method status="PASS" signature="configBM()[pri:0, instance:com.manufacturer.testScript.EditProductUsing_BC@146ba0ac]" name="configBM" is-config="true" duration-ms="2600" started-at="2023-01-18T12:02:24Z" finished-at="2023-01-18T12:02:27Z">
          <reporter-output>
          </reporter-output>
        </test-method> <!-- configBM -->
        <test-method status="PASS" signature="simple1()[pri:0, instance:com.manufacturer.testScript.EditProductUsing_BC@146ba0ac]" name="simple1" duration-ms="5" started-at="2023-01-18T12:02:27Z" finished-at="2023-01-18T12:02:27Z">
          <reporter-output>
            <line>
              <![CDATA[simple 1]]>
            </line>
            <line>
              <![CDATA[simple1-----> TestScript execution successful]]>
            </line>
          </reporter-output>
        </test-method> <!-- simple1 -->
        <test-method status="PASS" signature="configAM()[pri:0, instance:com.manufacturer.testScript.EditProductUsing_BC@146ba0ac]" name="configAM" is-config="true" duration-ms="159" started-at="2023-01-18T12:02:27Z" finished-at="2023-01-18T12:02:27Z">
          <reporter-output>
          </reporter-output>
        </test-method> <!-- configAM -->
        <test-method status="PASS" signature="configAC()[pri:0, instance:com.manufacturer.testScript.EditProductUsing_BC@146ba0ac]" name="configAC" is-config="true" duration-ms="822" started-at="2023-01-18T12:02:27Z" finished-at="2023-01-18T12:02:28Z">
          <reporter-output>
          </reporter-output>
        </test-method> <!-- configAC -->
        <test-method status="PASS" signature="disconnectDB()[pri:0, instance:com.manufacturer.testScript.EditProductUsing_BC@146ba0ac]" name="disconnectDB" is-config="true" duration-ms="1" started-at="2023-01-18T12:02:47Z" finished-at="2023-01-18T12:02:47Z">
          <reporter-output>
          </reporter-output>
        </test-method> <!-- disconnectDB -->
      </class> <!-- com.manufacturer.testScript.EditProductUsing_BC -->
    </test> <!-- Test -->
  </suite> <!-- Suite -->
</testng-results>
